<?xml version="1.0" encoding="UTF-8"?>
<testsuite name="edu.ucsc.extension.FlickrDownloader" tests="1" skipped="0" failures="1" errors="0" timestamp="2015-12-20T21:17:12" hostname="Yvonne-PC" time="32.693">
  <properties/>
  <testcase name="flickrDownloader" classname="edu.ucsc.extension.FlickrDownloader" time="32.693">
    <failure message="org.openqa.selenium.remote.UnreachableBrowserException: Error communicating with the remote browser. It may have died.&#10;Build info: version: '2.45.0', revision: '5017cb8e7ca8e37638dc3091b2440b90a1d8686f', time: '2015-02-27 09:10:26'&#10;System info: host: 'Yvonne-PC', ip: '192.168.1.81', os.name: 'Windows 7', os.arch: 'amd64', os.version: '6.1', java.version: '1.8.0_51'&#10;Driver info: driver.version: RemoteWebDriver" type="org.openqa.selenium.remote.UnreachableBrowserException">org.openqa.selenium.remote.UnreachableBrowserException: Error communicating with the remote browser. It may have died.
Build info: version: '2.45.0', revision: '5017cb8e7ca8e37638dc3091b2440b90a1d8686f', time: '2015-02-27 09:10:26'
System info: host: 'Yvonne-PC', ip: '192.168.1.81', os.name: 'Windows 7', os.arch: 'amd64', os.version: '6.1', java.version: '1.8.0_51'
Driver info: driver.version: RemoteWebDriver
	at org.openqa.selenium.remote.RemoteWebDriver.execute(RemoteWebDriver.java:593)
	at org.openqa.selenium.remote.RemoteWebDriver.findElement(RemoteWebDriver.java:352)
	at org.openqa.selenium.remote.RemoteWebDriver.findElementByClassName(RemoteWebDriver.java:433)
	at org.openqa.selenium.By$ByClassName.findElement(By.java:387)
	at org.openqa.selenium.remote.RemoteWebDriver.findElement(RemoteWebDriver.java:344)
	at edu.ucsc.extension.FlickrDownloader.flickrDownloader(FlickrDownloader.java:64)
	at sun.reflect.NativeMethodAccessorImpl.invoke0(Native Method)
	at sun.reflect.NativeMethodAccessorImpl.invoke(NativeMethodAccessorImpl.java:62)
	at sun.reflect.DelegatingMethodAccessorImpl.invoke(DelegatingMethodAccessorImpl.java:43)
	at java.lang.reflect.Method.invoke(Method.java:497)
	at org.junit.runners.model.FrameworkMethod$1.runReflectiveCall(FrameworkMethod.java:50)
	at org.junit.internal.runners.model.ReflectiveCallable.run(ReflectiveCallable.java:12)
	at org.junit.runners.model.FrameworkMethod.invokeExplosively(FrameworkMethod.java:47)
	at org.junit.internal.runners.statements.InvokeMethod.evaluate(InvokeMethod.java:17)
	at org.junit.runners.ParentRunner.runLeaf(ParentRunner.java:325)
	at org.junit.runners.BlockJUnit4ClassRunner.runChild(BlockJUnit4ClassRunner.java:78)
	at org.junit.runners.BlockJUnit4ClassRunner.runChild(BlockJUnit4ClassRunner.java:57)
	at org.junit.runners.ParentRunner$3.run(ParentRunner.java:290)
	at org.junit.runners.ParentRunner$1.schedule(ParentRunner.java:71)
	at org.junit.runners.ParentRunner.runChildren(ParentRunner.java:288)
	at org.junit.runners.ParentRunner.access$000(ParentRunner.java:58)
	at org.junit.runners.ParentRunner$2.evaluate(ParentRunner.java:268)
	at org.junit.internal.runners.statements.RunBefores.evaluate(RunBefores.java:26)
	at org.junit.runners.ParentRunner.run(ParentRunner.java:363)
	at org.gradle.api.internal.tasks.testing.junit.JUnitTestClassExecuter.runTestClass(JUnitTestClassExecuter.java:86)
	at org.gradle.api.internal.tasks.testing.junit.JUnitTestClassExecuter.execute(JUnitTestClassExecuter.java:49)
	at org.gradle.api.internal.tasks.testing.junit.JUnitTestClassProcessor.processTestClass(JUnitTestClassProcessor.java:69)
	at org.gradle.api.internal.tasks.testing.SuiteTestClassProcessor.processTestClass(SuiteTestClassProcessor.java:48)
	at sun.reflect.NativeMethodAccessorImpl.invoke0(Native Method)
	at sun.reflect.NativeMethodAccessorImpl.invoke(NativeMethodAccessorImpl.java:62)
	at sun.reflect.DelegatingMethodAccessorImpl.invoke(DelegatingMethodAccessorImpl.java:43)
	at java.lang.reflect.Method.invoke(Method.java:497)
	at org.gradle.messaging.dispatch.ReflectionDispatch.dispatch(ReflectionDispatch.java:35)
	at org.gradle.messaging.dispatch.ReflectionDispatch.dispatch(ReflectionDispatch.java:24)
	at org.gradle.messaging.dispatch.ContextClassLoaderDispatch.dispatch(ContextClassLoaderDispatch.java:32)
	at org.gradle.messaging.dispatch.ProxyDispatchAdapter$DispatchingInvocationHandler.invoke(ProxyDispatchAdapter.java:93)
	at com.sun.proxy.$Proxy2.processTestClass(Unknown Source)
	at org.gradle.api.internal.tasks.testing.worker.TestWorker.processTestClass(TestWorker.java:105)
	at sun.reflect.NativeMethodAccessorImpl.invoke0(Native Method)
	at sun.reflect.NativeMethodAccessorImpl.invoke(NativeMethodAccessorImpl.java:62)
	at sun.reflect.DelegatingMethodAccessorImpl.invoke(DelegatingMethodAccessorImpl.java:43)
	at java.lang.reflect.Method.invoke(Method.java:497)
	at org.gradle.messaging.dispatch.ReflectionDispatch.dispatch(ReflectionDispatch.java:35)
	at org.gradle.messaging.dispatch.ReflectionDispatch.dispatch(ReflectionDispatch.java:24)
	at org.gradle.messaging.remote.internal.hub.MessageHub$Handler.run(MessageHub.java:360)
	at org.gradle.internal.concurrent.DefaultExecutorFactory$StoppableExecutorImpl$1.run(DefaultExecutorFactory.java:64)
	at java.util.concurrent.ThreadPoolExecutor.runWorker(ThreadPoolExecutor.java:1142)
	at java.util.concurrent.ThreadPoolExecutor$Worker.run(ThreadPoolExecutor.java:617)
	at java.lang.Thread.run(Thread.java:745)
Caused by: org.apache.http.conn.HttpHostConnectException: Connect to 127.0.0.1:7056 [/127.0.0.1] failed: Connection refused: connect
	at org.apache.http.impl.conn.HttpClientConnectionOperator.connect(HttpClientConnectionOperator.java:142)
	at org.apache.http.impl.conn.PoolingHttpClientConnectionManager.connect(PoolingHttpClientConnectionManager.java:319)
	at org.apache.http.impl.execchain.MainClientExec.establishRoute(MainClientExec.java:363)
	at org.apache.http.impl.execchain.MainClientExec.execute(MainClientExec.java:219)
	at org.apache.http.impl.execchain.ProtocolExec.execute(ProtocolExec.java:195)
	at org.apache.http.impl.execchain.RetryExec.execute(RetryExec.java:86)
	at org.apache.http.impl.execchain.RedirectExec.execute(RedirectExec.java:108)
	at org.apache.http.impl.client.InternalHttpClient.doExecute(InternalHttpClient.java:184)
	at org.apache.http.impl.client.CloseableHttpClient.execute(CloseableHttpClient.java:72)
	at org.apache.http.impl.client.CloseableHttpClient.execute(CloseableHttpClient.java:57)
	at org.openqa.selenium.remote.internal.ApacheHttpClient.fallBackExecute(ApacheHttpClient.java:126)
	at org.openqa.selenium.remote.internal.ApacheHttpClient.execute(ApacheHttpClient.java:72)
	at org.openqa.selenium.remote.HttpCommandExecutor.execute(HttpCommandExecutor.java:133)
	at org.openqa.selenium.firefox.internal.NewProfileExtensionConnection.execute(NewProfileExtensionConnection.java:165)
	at org.openqa.selenium.firefox.FirefoxDriver$LazyCommandExecutor.execute(FirefoxDriver.java:362)
	at org.openqa.selenium.remote.RemoteWebDriver.execute(RemoteWebDriver.java:572)
	... 48 more
Caused by: java.net.ConnectException: Connection refused: connect
	at java.net.DualStackPlainSocketImpl.waitForConnect(Native Method)
	at java.net.DualStackPlainSocketImpl.socketConnect(DualStackPlainSocketImpl.java:85)
	at java.net.AbstractPlainSocketImpl.doConnect(AbstractPlainSocketImpl.java:345)
	at java.net.AbstractPlainSocketImpl.connectToAddress(AbstractPlainSocketImpl.java:206)
	at java.net.AbstractPlainSocketImpl.connect(AbstractPlainSocketImpl.java:188)
	at java.net.PlainSocketImpl.connect(PlainSocketImpl.java:172)
	at java.net.SocksSocketImpl.connect(SocksSocketImpl.java:392)
	at java.net.Socket.connect(Socket.java:589)
	at org.apache.http.conn.socket.PlainConnectionSocketFactory.connectSocket(PlainConnectionSocketFactory.java:72)
	at org.apache.http.impl.conn.HttpClientConnectionOperator.connect(HttpClientConnectionOperator.java:125)
	... 63 more
</failure>
  </testcase>
  <system-out><![CDATA[OUTPUT DIR: C:\Users\Yvonne\Desktop\WebTesting\prog\assignment2\assignment2\build\tmp
[https://www.flickr.com/photos/amstermarc/23738440462/in/explore-2015-12-19/, https://www.flickr.com/photos/annakwa/23218869583/in/explore-2015-12-19/, https://www.flickr.com/photos/nkhosi1/23551343250/in/explore-2015-12-19/, https://www.flickr.com/photos/wentloog/23216193494/in/explore-2015-12-19/, https://www.flickr.com/photos/38025693@N06/23735245092/in/explore-2015-12-19/, https://www.flickr.com/photos/116424075@N06/23769510801/in/explore-2015-12-19/, https://www.flickr.com/photos/send_your_spam/23545312600/in/explore-2015-12-19/, https://www.flickr.com/photos/tomabenz/23221299693/in/explore-2015-12-19/, https://www.flickr.com/photos/angmarie3/23854503515/in/explore-2015-12-19/, https://www.flickr.com/photos/86954319@N04/23765072531/in/explore-2015-12-19/, https://www.flickr.com/photos/scarlet-poppy/23829253746/in/explore-2015-12-19/, https://www.flickr.com/photos/129799228@N08/23759566171/in/explore-2015-12-19/, https://www.flickr.com/photos/126994837@N07/23821532476/in/explore-2015-12-19/, https://www.flickr.com/photos/missymandel/23742725422/in/explore-2015-12-19/, https://www.flickr.com/photos/fmphotoart/23815886046/in/explore-2015-12-19/, https://www.flickr.com/photos/fable1118/23547120380/in/explore-2015-12-19/, https://www.flickr.com/photos/ronnygarcia/23479524739/in/explore-2015-12-19/, https://www.flickr.com/photos/syxanka/23771335171/in/explore-2015-12-19/, https://www.flickr.com/photos/pedalhead/23212061154/in/explore-2015-12-19/, https://www.flickr.com/photos/daveglass/23542939750/in/explore-2015-12-19/, https://www.flickr.com/photos/94674192@N07/23208844684/in/explore-2015-12-19/, https://www.flickr.com/photos/boillon_christophe/23215807994/in/explore-2015-12-19/, https://www.flickr.com/photos/bjrnp/23851045265/in/explore-2015-12-19/, https://www.flickr.com/photos/seanbatten/23734651212/in/explore-2015-12-19/, https://www.flickr.com/photos/stepthewolf/23758158241/in/explore-2015-12-19/, https://www.flickr.com/photos/dreckschleuder/23214009303/in/explore-2015-12-19/, https://www.flickr.com/photos/zecaruso/23553809610/in/explore-2015-12-19/, https://www.flickr.com/photos/cubagallery/23470095999/in/explore-2015-12-19/, https://www.flickr.com/photos/harrypammer/23555905330/in/explore-2015-12-19/, https://www.flickr.com/photos/jsavinen/23469453999/in/explore-2015-12-19/, https://www.flickr.com/photos/azoor1/23851621605/in/explore-2015-12-19/, https://www.flickr.com/photos/fastchris/23727643762/in/explore-2015-12-19/, https://www.flickr.com/photos/92231417@N05/23481155569/in/explore-2015-12-19/, https://www.flickr.com/photos/coolmcflash/23848615905/in/explore-2015-12-19/, https://www.flickr.com/photos/koukoukii/23475063819/in/explore-2015-12-19/, https://www.flickr.com/photos/lisaholdernc/23218415544/in/explore-2015-12-19/, https://www.flickr.com/photos/40376169@N07/23218076684/in/explore-2015-12-19/, https://www.flickr.com/photos/korinthomat/23827536906/in/explore-2015-12-19/, https://www.flickr.com/photos/mybabysume/23476617269/in/explore-2015-12-19/, https://www.flickr.com/photos/tom_hall_nz/23840643275/in/explore-2015-12-19/, https://www.flickr.com/photos/beiserbarbara/23553440950/in/explore-2015-12-19/, https://www.flickr.com/photos/bellatchitchi/23816025046/in/explore-2015-12-19/, https://www.flickr.com/photos/65325721@N05/23764328981/in/explore-2015-12-19/, https://www.flickr.com/photos/sabrou_yves/23547641770/in/explore-2015-12-19/, https://www.flickr.com/photos/nordrum/23817196366/in/explore-2015-12-19/, https://www.flickr.com/photos/107534994@N04/23478351689/in/explore-2015-12-19/, https://www.flickr.com/photos/version-3-point-1/23770004531/in/explore-2015-12-19/, https://www.flickr.com/photos/carolmurray/23735677172/in/explore-2015-12-19/, https://www.flickr.com/photos/127635299@N06/23222441573/in/explore-2015-12-19/]
C:\Users\Yvonne\Desktop\WebTesting\prog\assignment2\assignment2\build\tmp
]]></system-out>
  <system-err><![CDATA[]]></system-err>
</testsuite>
